{
  "profileName": "talus_0",
  "jobId": "a49cf42f-6360-403f-b8e4-c5fb8787e439",
  "projectId": "3974.7116369448277",
  "time": "2021-03-16T08:02:42.824Z",
  "log": [
    "Creating Azure resources...",
    "Checking the Existence of the Resource Group ...",
    "Creating Resource Group ...",
    "> Creating App Registration ...",
    "Start to add password for App, Id : 605acb95-7aba-4794-a023-4c695a3f0ef2",
    "> Create App Registration Success! ID: 605acb95-7aba-4794-a023-4c695a3f0ef2",
    "Deploying Web App Resource ...",
    "Deploying Bot Resource ...",
    "Deploying Cosmos DB Resource ...",
    "{\"stack\":\"Error: The subscription is not registered to use namespace 'Microsoft.DocumentDB'. See https://aka.ms/rps-not-found for how to register subscriptions.\\n    at new t (C:\\\\Users\\\\Anestis\\\\AppData\\\\Local\\\\Programs\\\\Bot Framework Composer\\\\resources\\\\app.asar.unpacked\\\\extensions\\\\azurePublish\\\\lib\\\\node\\\\index.js:16:37408)\\n    at C:\\\\Users\\\\Anestis\\\\AppData\\\\Local\\\\Programs\\\\Bot Framework Composer\\\\resources\\\\app.asar.unpacked\\\\extensions\\\\azurePublish\\\\lib\\\\node\\\\index.js:18:103741\",\"message\":\"The subscription is not registered to use namespace 'Microsoft.DocumentDB'. See https://aka.ms/rps-not-found for how to register subscriptions.\",\"code\":\"MissingSubscriptionRegistration\",\"statusCode\":409,\"request\":{\"body\":\"{\\\"location\\\":\\\"westeurope\\\",\\\"properties\\\":{\\\"locations\\\":[{\\\"locationName\\\":\\\"westeurope\\\",\\\"failoverPriority\\\":0}],\\\"databaseAccountOfferType\\\":\\\"Standard\\\"}}\"},\"response\":{\"body\":\"{\\\"error\\\":{\\\"code\\\":\\\"MissingSubscriptionRegistration\\\",\\\"message\\\":\\\"The subscription is not registered to use namespace 'Microsoft.DocumentDB'. See https://aka.ms/rps-not-found for how to register subscriptions.\\\",\\\"details\\\":[{\\\"code\\\":\\\"MissingSubscriptionRegistration\\\",\\\"target\\\":\\\"Microsoft.DocumentDB\\\",\\\"message\\\":\\\"The subscription is not registered to use namespace 'Microsoft.DocumentDB'. See https://aka.ms/rps-not-found for how to register subscriptions.\\\"}]}}\"},\"body\":{\"message\":\"The subscription is not registered to use namespace 'Microsoft.DocumentDB'. See https://aka.ms/rps-not-found for how to register subscriptions.\",\"code\":\"MissingSubscriptionRegistration\"}}",
    "{\"name\":\"CREATE_COSMOSDB_ERROR\",\"message\":\"Error - The subscription is not registered to use namespace 'Microsoft.DocumentDB'. See https://aka.ms/rps-not-found for how to register subscriptions.\",\"stack\":\"Error\\n    at new n (C:\\\\Users\\\\Anestis\\\\AppData\\\\Local\\\\Programs\\\\Bot Framework Composer\\\\resources\\\\app.asar.unpacked\\\\extensions\\\\azurePublish\\\\lib\\\\node\\\\index.js:18:97996)\\n    at Object.t.createCustomizeError (C:\\\\Users\\\\Anestis\\\\AppData\\\\Local\\\\Programs\\\\Bot Framework Composer\\\\resources\\\\app.asar.unpacked\\\\extensions\\\\azurePublish\\\\lib\\\\node\\\\index.js:18:98326)\\n    at e.<anonymous> (C:\\\\Users\\\\Anestis\\\\AppData\\\\Local\\\\Programs\\\\Bot Framework Composer\\\\resources\\\\app.asar.unpacked\\\\extensions\\\\azurePublish\\\\lib\\\\node\\\\index.js:479:27747)\\n    at C:\\\\Users\\\\Anestis\\\\AppData\\\\Local\\\\Programs\\\\Bot Framework Composer\\\\resources\\\\app.asar.unpacked\\\\extensions\\\\azurePublish\\\\lib\\\\node\\\\index.js:479:12347\\n    at Object.throw (C:\\\\Users\\\\Anestis\\\\AppData\\\\Local\\\\Programs\\\\Bot Framework Composer\\\\resources\\\\app.asar.unpacked\\\\extensions\\\\azurePublish\\\\lib\\\\node\\\\index.js:479:12452)\\n    at s (C:\\\\Users\\\\Anestis\\\\AppData\\\\Local\\\\Programs\\\\Bot Framework Composer\\\\resources\\\\app.asar.unpacked\\\\extensions\\\\azurePublish\\\\lib\\\\node\\\\index.js:479:11217)\"}",
    "CREATE_COSMOSDB_ERROR - Error - The subscription is not registered to use namespace 'Microsoft.DocumentDB'. See https://aka.ms/rps-not-found for how to register subscriptions.\n        detail message can see provision.talus_0.log in your bot folder"
  ]
}
